# JRE version: OpenJDK Runtime Environment (11.0.20.1+1) (build 11.0.20.1+1-post-Ubuntu-0ubuntu122.04)
# Java VM: OpenJDK 64-Bit Server VM (11.0.20.1+1-post-Ubuntu-0ubuntu122.04, mixed mode, sharing, tiered, compressed oops, parallel gc, linux-amd64)
Heap:
 PSYoungGen      total 304640K, used 23245K [0x00000000da800000, 0x00000000f5180000, 0x0000000100000000)
  eden space 289792K, 7% used [0x00000000da800000,0x00000000dbea3560,0x00000000ec300000)
  from space 14848K, 0% used [0x00000000f3480000,0x00000000f3490000,0x00000000f4300000)
  to   space 13824K, 0% used [0x00000000f4400000,0x00000000f4400000,0x00000000f5180000)
 ParOldGen       total 171008K, used 61286K [0x000000008f800000, 0x0000000099f00000, 0x00000000da800000)
  object space 171008K, 35% used [0x000000008f800000,0x00000000933d9bc0,0x0000000099f00000)
 Metaspace       used 11729K, capacity 12212K, committed 12416K, reserved 1060864K
  class space    used 946K, capacity 1132K, committed 1152K, reserved 1048576K
GC Heap History (20 events):
Event: 29.069 GC heap before
{Heap before GC invocations=22 (full 0):
 PSYoungGen      total 470016K, used 444544K [0x00000000da800000, 0x00000000fb100000, 0x0000000100000000)
  eden space 444416K, 100% used [0x00000000da800000,0x00000000f5a00000,0x00000000f5a00000)
  from space 25600K, 0% used [0x00000000f7f00000,0x00000000f7f20000,0x00000000f9800000)
  to   space 24576K, 0% used [0x00000000f9900000,0x00000000f9900000,0x00000000fb100000)
 ParOldGen       total 171008K, used 61286K [0x000000008f800000, 0x0000000099f00000, 0x00000000da800000)
  object space 171008K, 35% used [0x000000008f800000,0x00000000933d9bc0,0x0000000099f00000)
 Metaspace       used 11727K, capacity 12212K, committed 12416K, reserved 1060864K
  class space    used 946K, capacity 1132K, committed 1152K, reserved 1048576K
}
Event: 29.079 GC heap after
{Heap after GC invocations=22 (full 0):
 PSYoungGen      total 425984K, used 32K [0x00000000da800000, 0x00000000f9980000, 0x0000000100000000)
  eden space 425472K, 0% used [0x00000000da800000,0x00000000da800000,0x00000000f4780000)
  from space 512K, 6% used [0x00000000f9900000,0x00000000f9908000,0x00000000f9980000)
  to   space 23552K, 0% used [0x00000000f6b80000,0x00000000f6b80000,0x00000000f8280000)
 ParOldGen       total 171008K, used 61286K [0x000000008f800000, 0x0000000099f00000, 0x00000000da800000)
  object space 171008K, 35% used [0x000000008f800000,0x00000000933d9bc0,0x0000000099f00000)
 Metaspace       used 11727K, capacity 12212K, committed 12416K, reserved 1060864K
  class space    used 946K, capacity 1132K, committed 1152K, reserved 1048576K
}
Event: 30.656 GC heap before
{Heap before GC invocations=23 (full 0):
 PSYoungGen      total 425984K, used 425504K [0x00000000da800000, 0x00000000f9980000, 0x0000000100000000)
  eden space 425472K, 100% used [0x00000000da800000,0x00000000f4780000,0x00000000f4780000)
  from space 512K, 6% used [0x00000000f9900000,0x00000000f9908000,0x00000000f9980000)
  to   space 23552K, 0% used [0x00000000f6b80000,0x00000000f6b80000,0x00000000f8280000)
 ParOldGen       total 171008K, used 61286K [0x000000008f800000, 0x0000000099f00000, 0x00000000da800000)
  object space 171008K, 35% used [0x000000008f800000,0x00000000933d9bc0,0x0000000099f00000)
 Metaspace       used 11727K, capacity 12212K, committed 12416K, reserved 1060864K
  class space    used 946K, capacity 1132K, committed 1152K, reserved 1048576K
}
Event: 30.660 GC heap after
{Heap after GC invocations=23 (full 0):
 PSYoungGen      total 430592K, used 32K [0x00000000da800000, 0x00000000f9980000, 0x0000000100000000)
  eden space 407040K, 0% used [0x00000000da800000,0x00000000da800000,0x00000000f3580000)
  from space 23552K, 0% used [0x00000000f6b80000,0x00000000f6b88000,0x00000000f8280000)
  to   space 22016K, 0% used [0x00000000f8400000,0x00000000f8400000,0x00000000f9980000)
 ParOldGen       total 171008K, used 61286K [0x000000008f800000, 0x0000000099f00000, 0x00000000da800000)
  object space 171008K, 35% used [0x000000008f800000,0x00000000933d9bc0,0x0000000099f00000)
 Metaspace       used 11727K, capacity 12212K, committed 12416K, reserved 1060864K
  class space    used 946K, capacity 1132K, committed 1152K, reserved 1048576K
}
Event: 32.084 GC heap before
{Heap before GC invocations=24 (full 0):
 PSYoungGen      total 430592K, used 407072K [0x00000000da800000, 0x00000000f9980000, 0x0000000100000000)
  eden space 407040K, 100% used [0x00000000da800000,0x00000000f3580000,0x00000000f3580000)
  from space 23552K, 0% used [0x00000000f6b80000,0x00000000f6b88000,0x00000000f8280000)
  to   space 22016K, 0% used [0x00000000f8400000,0x00000000f8400000,0x00000000f9980000)
 ParOldGen       total 171008K, used 61286K [0x000000008f800000, 0x0000000099f00000, 0x00000000da800000)
  object space 171008K, 35% used [0x000000008f800000,0x00000000933d9bc0,0x0000000099f00000)
 Metaspace       used 11727K, capacity 12212K, committed 12416K, reserved 1060864K
  class space    used 946K, capacity 1132K, committed 1152K, reserved 1048576K
}
Event: 32.092 GC heap after
{Heap after GC invocations=24 (full 0):
 PSYoungGen      total 390144K, used 32K [0x00000000da800000, 0x00000000f8480000, 0x0000000100000000)
  eden space 389632K, 0% used [0x00000000da800000,0x00000000da800000,0x00000000f2480000)
  from space 512K, 6% used [0x00000000f8400000,0x00000000f8408000,0x00000000f8480000)
  to   space 20992K, 0% used [0x00000000f5b80000,0x00000000f5b80000,0x00000000f7000000)
 ParOldGen       total 171008K, used 61286K [0x000000008f800000, 0x0000000099f00000, 0x00000000da800000)
  object space 171008K, 35% used [0x000000008f800000,0x00000000933d9bc0,0x0000000099f00000)
 Metaspace       used 11727K, capacity 12212K, committed 12416K, reserved 1060864K
  class space    used 946K, capacity 1132K, committed 1152K, reserved 1048576K
}
Event: 33.488 GC heap before
{Heap before GC invocations=25 (full 0):
 PSYoungGen      total 390144K, used 389664K [0x00000000da800000, 0x00000000f8480000, 0x0000000100000000)
  eden space 389632K, 100% used [0x00000000da800000,0x00000000f2480000,0x00000000f2480000)
  from space 512K, 6% used [0x00000000f8400000,0x00000000f8408000,0x00000000f8480000)
  to   space 20992K, 0% used [0x00000000f5b80000,0x00000000f5b80000,0x00000000f7000000)
 ParOldGen       total 171008K, used 61286K [0x000000008f800000, 0x0000000099f00000, 0x00000000da800000)
  object space 171008K, 35% used [0x000000008f800000,0x00000000933d9bc0,0x0000000099f00000)
 Metaspace       used 11727K, capacity 12212K, committed 12416K, reserved 1060864K
  class space    used 946K, capacity 1132K, committed 1152K, reserved 1048576K
}
Event: 33.492 GC heap after
{Heap after GC invocations=25 (full 0):
 PSYoungGen      total 394240K, used 32K [0x00000000da800000, 0x00000000f8480000, 0x0000000100000000)
  eden space 373248K, 0% used [0x00000000da800000,0x00000000da800000,0x00000000f1480000)
  from space 20992K, 0% used [0x00000000f5b80000,0x00000000f5b88000,0x00000000f7000000)
  to   space 19968K, 0% used [0x00000000f7100000,0x00000000f7100000,0x00000000f8480000)
 ParOldGen       total 171008K, used 61286K [0x000000008f800000, 0x0000000099f00000, 0x00000000da800000)
  object space 171008K, 35% used [0x000000008f800000,0x00000000933d9bc0,0x0000000099f00000)
 Metaspace       used 11727K, capacity 12212K, committed 12416K, reserved 1060864K
  class space    used 946K, capacity 1132K, committed 1152K, reserved 1048576K
}
Event: 34.871 GC heap before
{Heap before GC invocations=26 (full 0):
 PSYoungGen      total 394240K, used 373280K [0x00000000da800000, 0x00000000f8480000, 0x0000000100000000)
  eden space 373248K, 100% used [0x00000000da800000,0x00000000f1480000,0x00000000f1480000)
  from space 20992K, 0% used [0x00000000f5b80000,0x00000000f5b88000,0x00000000f7000000)
  to   space 19968K, 0% used [0x00000000f7100000,0x00000000f7100000,0x00000000f8480000)
 ParOldGen       total 171008K, used 61286K [0x000000008f800000, 0x0000000099f00000, 0x00000000da800000)
  object space 171008K, 35% used [0x000000008f800000,0x00000000933d9bc0,0x0000000099f00000)
 Metaspace       used 11727K, capacity 12212K, committed 12416K, reserved 1060864K
  class space    used 946K, capacity 1132K, committed 1152K, reserved 1048576K
}
Event: 34.878 GC heap after
{Heap after GC invocations=26 (full 0):
 PSYoungGen      total 357888K, used 128K [0x00000000da800000, 0x00000000f7180000, 0x0000000100000000)
  eden space 357376K, 0% used [0x00000000da800000,0x00000000da800000,0x00000000f0500000)
  from space 512K, 25% used [0x00000000f7100000,0x00000000f7120000,0x00000000f7180000)
  to   space 18944K, 0% used [0x00000000f4c80000,0x00000000f4c80000,0x00000000f5f00000)
 ParOldGen       total 171008K, used 61286K [0x000000008f800000, 0x0000000099f00000, 0x00000000da800000)
  object space 171008K, 35% used [0x000000008f800000,0x00000000933d9bc0,0x0000000099f00000)
 Metaspace       used 11727K, capacity 12212K, committed 12416K, reserved 1060864K
  class space    used 946K, capacity 1132K, committed 1152K, reserved 1048576K
}
Event: 36.121 GC heap before
{Heap before GC invocations=27 (full 0):
 PSYoungGen      total 357888K, used 357504K [0x00000000da800000, 0x00000000f7180000, 0x0000000100000000)
  eden space 357376K, 100% used [0x00000000da800000,0x00000000f0500000,0x00000000f0500000)
  from space 512K, 25% used [0x00000000f7100000,0x00000000f7120000,0x00000000f7180000)
  to   space 18944K, 0% used [0x00000000f4c80000,0x00000000f4c80000,0x00000000f5f00000)
 ParOldGen       total 171008K, used 61286K [0x000000008f800000, 0x0000000099f00000, 0x00000000da800000)
  object space 171008K, 35% used [0x000000008f800000,0x00000000933d9bc0,0x0000000099f00000)
 Metaspace       used 11727K, capacity 12212K, committed 12416K, reserved 1060864K
  class space    used 946K, capacity 1132K, committed 1152K, reserved 1048576K
}
Event: 36.122 GC heap after
{Heap after GC invocations=27 (full 0):
 PSYoungGen      total 361472K, used 32K [0x00000000da800000, 0x00000000f7180000, 0x0000000100000000)
  eden space 342528K, 0% used [0x00000000da800000,0x00000000da800000,0x00000000ef680000)
  from space 18944K, 0% used [0x00000000f4c80000,0x00000000f4c88000,0x00000000f5f00000)
  to   space 17920K, 0% used [0x00000000f6000000,0x00000000f6000000,0x00000000f7180000)
 ParOldGen       total 171008K, used 61286K [0x000000008f800000, 0x0000000099f00000, 0x00000000da800000)
  object space 171008K, 35% used [0x000000008f800000,0x00000000933d9bc0,0x0000000099f00000)
 Metaspace       used 11727K, capacity 12212K, committed 12416K, reserved 1060864K
  class space    used 946K, capacity 1132K, committed 1152K, reserved 1048576K
}
Event: 37.326 GC heap before
{Heap before GC invocations=28 (full 0):
 PSYoungGen      total 361472K, used 342560K [0x00000000da800000, 0x00000000f7180000, 0x0000000100000000)
  eden space 342528K, 100% used [0x00000000da800000,0x00000000ef680000,0x00000000ef680000)
  from space 18944K, 0% used [0x00000000f4c80000,0x00000000f4c88000,0x00000000f5f00000)
  to   space 17920K, 0% used [0x00000000f6000000,0x00000000f6000000,0x00000000f7180000)
 ParOldGen       total 171008K, used 61286K [0x000000008f800000, 0x0000000099f00000, 0x00000000da800000)
  object space 171008K, 35% used [0x000000008f800000,0x00000000933d9bc0,0x0000000099f00000)
 Metaspace       used 11727K, capacity 12212K, committed 12416K, reserved 1060864K
  class space    used 946K, capacity 1132K, committed 1152K, reserved 1048576K
}
Event: 37.329 GC heap after
{Heap after GC invocations=28 (full 0):
 PSYoungGen      total 328704K, used 64K [0x00000000da800000, 0x00000000f6080000, 0x0000000100000000)
  eden space 328192K, 0% used [0x00000000da800000,0x00000000da800000,0x00000000ee880000)
  from space 512K, 12% used [0x00000000f6000000,0x00000000f6010000,0x00000000f6080000)
  to   space 16896K, 0% used [0x00000000f3f80000,0x00000000f3f80000,0x00000000f5000000)
 ParOldGen       total 171008K, used 61286K [0x000000008f800000, 0x0000000099f00000, 0x00000000da800000)
  object space 171008K, 35% used [0x000000008f800000,0x00000000933d9bc0,0x0000000099f00000)
 Metaspace       used 11727K, capacity 12212K, committed 12416K, reserved 1060864K
  class space    used 946K, capacity 1132K, committed 1152K, reserved 1048576K
}
Event: 38.545 GC heap before
{Heap before GC invocations=29 (full 0):
 PSYoungGen      total 328704K, used 328256K [0x00000000da800000, 0x00000000f6080000, 0x0000000100000000)
  eden space 328192K, 100% used [0x00000000da800000,0x00000000ee880000,0x00000000ee880000)
  from space 512K, 12% used [0x00000000f6000000,0x00000000f6010000,0x00000000f6080000)
  to   space 16896K, 0% used [0x00000000f3f80000,0x00000000f3f80000,0x00000000f5000000)
 ParOldGen       total 171008K, used 61286K [0x000000008f800000, 0x0000000099f00000, 0x00000000da800000)
  object space 171008K, 35% used [0x000000008f800000,0x00000000933d9bc0,0x0000000099f00000)
 Metaspace       used 11727K, capacity 12212K, committed 12416K, reserved 1060864K
  class space    used 946K, capacity 1132K, committed 1152K, reserved 1048576K
}
Event: 38.547 GC heap after
{Heap after GC invocations=29 (full 0):
 PSYoungGen      total 331776K, used 32K [0x00000000da800000, 0x00000000f6080000, 0x0000000100000000)
  eden space 314880K, 0% used [0x00000000da800000,0x00000000da800000,0x00000000edb80000)
  from space 16896K, 0% used [0x00000000f3f80000,0x00000000f3f88000,0x00000000f5000000)
  to   space 15872K, 0% used [0x00000000f5100000,0x00000000f5100000,0x00000000f6080000)
 ParOldGen       total 171008K, used 61286K [0x000000008f800000, 0x0000000099f00000, 0x00000000da800000)
  object space 171008K, 35% used [0x000000008f800000,0x00000000933d9bc0,0x0000000099f00000)
 Metaspace       used 11727K, capacity 12212K, committed 12416K, reserved 1060864K
  class space    used 946K, capacity 1132K, committed 1152K, reserved 1048576K
}
Event: 39.600 GC heap before
{Heap before GC invocations=30 (full 0):
 PSYoungGen      total 331776K, used 314912K [0x00000000da800000, 0x00000000f6080000, 0x0000000100000000)
  eden space 314880K, 100% used [0x00000000da800000,0x00000000edb80000,0x00000000edb80000)
  from space 16896K, 0% used [0x00000000f3f80000,0x00000000f3f88000,0x00000000f5000000)
  to   space 15872K, 0% used [0x00000000f5100000,0x00000000f5100000,0x00000000f6080000)
 ParOldGen       total 171008K, used 61286K [0x000000008f800000, 0x0000000099f00000, 0x00000000da800000)
  object space 171008K, 35% used [0x000000008f800000,0x00000000933d9bc0,0x0000000099f00000)
 Metaspace       used 11727K, capacity 12212K, committed 12416K, reserved 1060864K
  class space    used 946K, capacity 1132K, committed 1152K, reserved 1048576K
}
Event: 39.603 GC heap after
{Heap after GC invocations=30 (full 0):
 PSYoungGen      total 302592K, used 128K [0x00000000da800000, 0x00000000f5180000, 0x0000000100000000)
  eden space 302080K, 0% used [0x00000000da800000,0x00000000da800000,0x00000000ecf00000)
  from space 512K, 25% used [0x00000000f5100000,0x00000000f5120000,0x00000000f5180000)
  to   space 14848K, 0% used [0x00000000f3480000,0x00000000f3480000,0x00000000f4300000)
 ParOldGen       total 171008K, used 61286K [0x000000008f800000, 0x0000000099f00000, 0x00000000da800000)
  object space 171008K, 35% used [0x000000008f800000,0x00000000933d9bc0,0x0000000099f00000)
 Metaspace       used 11727K, capacity 12212K, committed 12416K, reserved 1060864K
  class space    used 946K, capacity 1132K, committed 1152K, reserved 1048576K
}
Event: 40.740 GC heap before
{Heap before GC invocations=31 (full 0):
 PSYoungGen      total 302592K, used 302208K [0x00000000da800000, 0x00000000f5180000, 0x0000000100000000)
  eden space 302080K, 100% used [0x00000000da800000,0x00000000ecf00000,0x00000000ecf00000)
  from space 512K, 25% used [0x00000000f5100000,0x00000000f5120000,0x00000000f5180000)
  to   space 14848K, 0% used [0x00000000f3480000,0x00000000f3480000,0x00000000f4300000)
 ParOldGen       total 171008K, used 61286K [0x000000008f800000, 0x0000000099f00000, 0x00000000da800000)
  object space 171008K, 35% used [0x000000008f800000,0x00000000933d9bc0,0x0000000099f00000)
 Metaspace       used 11727K, capacity 12212K, committed 12416K, reserved 1060864K
  class space    used 946K, capacity 1132K, committed 1152K, reserved 1048576K
}
Event: 40.743 GC heap after
{Heap after GC invocations=31 (full 0):
 PSYoungGen      total 304640K, used 64K [0x00000000da800000, 0x00000000f5180000, 0x0000000100000000)
  eden space 289792K, 0% used [0x00000000da800000,0x00000000da800000,0x00000000ec300000)
  from space 14848K, 0% used [0x00000000f3480000,0x00000000f3490000,0x00000000f4300000)
  to   space 13824K, 0% used [0x00000000f4400000,0x00000000f4400000,0x00000000f5180000)
 ParOldGen       total 171008K, used 61286K [0x000000008f800000, 0x0000000099f00000, 0x00000000da800000)
  object space 171008K, 35% used [0x000000008f800000,0x00000000933d9bc0,0x0000000099f00000)
 Metaspace       used 11727K, capacity 12212K, committed 12416K, reserved 1060864K
  class space    used 946K, capacity 1132K, committed 1152K, reserved 1048576K
}

