# JRE version: OpenJDK Runtime Environment (11.0.20.1+1) (build 11.0.20.1+1-post-Ubuntu-0ubuntu122.04)
# Java VM: OpenJDK 64-Bit Server VM (11.0.20.1+1-post-Ubuntu-0ubuntu122.04, mixed mode, sharing, tiered, compressed oops, parallel gc, linux-amd64)
Heap:
 PSYoungGen      total 561664K, used 480106K [0x00000000da800000, 0x0000000100000000, 0x0000000100000000)
  eden space 561152K, 85% used [0x00000000da800000,0x00000000f7cd2938,0x00000000fcc00000)
  from space 512K, 6% used [0x00000000fcc00000,0x00000000fcc08000,0x00000000fcc80000)
  to   space 28160K, 0% used [0x00000000fe480000,0x00000000fe480000,0x0000000100000000)
 ParOldGen       total 171008K, used 56478K [0x000000008f800000, 0x0000000099f00000, 0x00000000da800000)
  object space 171008K, 33% used [0x000000008f800000,0x0000000092f279d8,0x0000000099f00000)
 Metaspace       used 11842K, capacity 12359K, committed 12544K, reserved 1060864K
  class space    used 960K, capacity 1180K, committed 1280K, reserved 1048576K
GC Heap History (20 events):
Event: 1.001 GC heap before
{Heap before GC invocations=2 (full 0):
 PSYoungGen      total 74752K, used 73061K [0x00000000da800000, 0x00000000e3a00000, 0x0000000100000000)
  eden space 64512K, 100% used [0x00000000da800000,0x00000000de700000,0x00000000de700000)
  from space 10240K, 83% used [0x00000000de700000,0x00000000def595f0,0x00000000df100000)
  to   space 10240K, 0% used [0x00000000e3000000,0x00000000e3000000,0x00000000e3a00000)
 ParOldGen       total 171008K, used 8K [0x000000008f800000, 0x0000000099f00000, 0x00000000da800000)
  object space 171008K, 0% used [0x000000008f800000,0x000000008f802000,0x0000000099f00000)
 Metaspace       used 5776K, capacity 7279K, committed 7552K, reserved 1056768K
  class space    used 491K, capacity 640K, committed 640K, reserved 1048576K
}
Event: 1.024 GC heap after
{Heap after GC invocations=2 (full 0):
 PSYoungGen      total 139264K, used 10230K [0x00000000da800000, 0x00000000e3a00000, 0x0000000100000000)
  eden space 129024K, 0% used [0x00000000da800000,0x00000000da800000,0x00000000e2600000)
  from space 10240K, 99% used [0x00000000e3000000,0x00000000e39fda60,0x00000000e3a00000)
  to   space 10240K, 0% used [0x00000000e2600000,0x00000000e2600000,0x00000000e3000000)
 ParOldGen       total 171008K, used 7852K [0x000000008f800000, 0x0000000099f00000, 0x00000000da800000)
  object space 171008K, 4% used [0x000000008f800000,0x000000008ffab1a8,0x0000000099f00000)
 Metaspace       used 5776K, capacity 7279K, committed 7552K, reserved 1056768K
  class space    used 491K, capacity 640K, committed 640K, reserved 1048576K
}
Event: 1.252 GC heap before
{Heap before GC invocations=3 (full 0):
 PSYoungGen      total 139264K, used 139254K [0x00000000da800000, 0x00000000e3a00000, 0x0000000100000000)
  eden space 129024K, 100% used [0x00000000da800000,0x00000000e2600000,0x00000000e2600000)
  from space 10240K, 99% used [0x00000000e3000000,0x00000000e39fda60,0x00000000e3a00000)
  to   space 10240K, 0% used [0x00000000e2600000,0x00000000e2600000,0x00000000e3000000)
 ParOldGen       total 171008K, used 7852K [0x000000008f800000, 0x0000000099f00000, 0x00000000da800000)
  object space 171008K, 4% used [0x000000008f800000,0x000000008ffab1a8,0x0000000099f00000)
 Metaspace       used 6120K, capacity 7588K, committed 7936K, reserved 1056768K
  class space    used 516K, capacity 678K, committed 768K, reserved 1048576K
}
Event: 1.273 GC heap after
{Heap after GC invocations=3 (full 0):
 PSYoungGen      total 139264K, used 10216K [0x00000000da800000, 0x00000000eb800000, 0x0000000100000000)
  eden space 129024K, 0% used [0x00000000da800000,0x00000000da800000,0x00000000e2600000)
  from space 10240K, 99% used [0x00000000e2600000,0x00000000e2ffa000,0x00000000e3000000)
  to   space 10240K, 0% used [0x00000000eae00000,0x00000000eae00000,0x00000000eb800000)
 ParOldGen       total 171008K, used 15944K [0x000000008f800000, 0x0000000099f00000, 0x00000000da800000)
  object space 171008K, 9% used [0x000000008f800000,0x00000000907921d8,0x0000000099f00000)
 Metaspace       used 6120K, capacity 7588K, committed 7936K, reserved 1056768K
  class space    used 516K, capacity 678K, committed 768K, reserved 1048576K
}
Event: 1.386 GC heap before
{Heap before GC invocations=4 (full 0):
 PSYoungGen      total 139264K, used 139240K [0x00000000da800000, 0x00000000eb800000, 0x0000000100000000)
  eden space 129024K, 100% used [0x00000000da800000,0x00000000e2600000,0x00000000e2600000)
  from space 10240K, 99% used [0x00000000e2600000,0x00000000e2ffa000,0x00000000e3000000)
  to   space 10240K, 0% used [0x00000000eae00000,0x00000000eae00000,0x00000000eb800000)
 ParOldGen       total 171008K, used 15944K [0x000000008f800000, 0x0000000099f00000, 0x00000000da800000)
  object space 171008K, 9% used [0x000000008f800000,0x00000000907921d8,0x0000000099f00000)
 Metaspace       used 6161K, capacity 7588K, committed 7936K, reserved 1056768K
  class space    used 517K, capacity 678K, committed 768K, reserved 1048576K
}
Event: 1.397 GC heap after
{Heap after GC invocations=4 (full 0):
 PSYoungGen      total 268288K, used 10239K [0x00000000da800000, 0x00000000eb800000, 0x0000000100000000)
  eden space 258048K, 0% used [0x00000000da800000,0x00000000da800000,0x00000000ea400000)
  from space 10240K, 99% used [0x00000000eae00000,0x00000000eb7ffc78,0x00000000eb800000)
  to   space 10240K, 0% used [0x00000000ea400000,0x00000000ea400000,0x00000000eae00000)
 ParOldGen       total 171008K, used 18914K [0x000000008f800000, 0x0000000099f00000, 0x00000000da800000)
  object space 171008K, 11% used [0x000000008f800000,0x0000000090a78808,0x0000000099f00000)
 Metaspace       used 6161K, capacity 7588K, committed 7936K, reserved 1056768K
  class space    used 517K, capacity 678K, committed 768K, reserved 1048576K
}
Event: 1.613 GC heap before
{Heap before GC invocations=5 (full 0):
 PSYoungGen      total 268288K, used 268287K [0x00000000da800000, 0x00000000eb800000, 0x0000000100000000)
  eden space 258048K, 100% used [0x00000000da800000,0x00000000ea400000,0x00000000ea400000)
  from space 10240K, 99% used [0x00000000eae00000,0x00000000eb7ffc78,0x00000000eb800000)
  to   space 10240K, 0% used [0x00000000ea400000,0x00000000ea400000,0x00000000eae00000)
 ParOldGen       total 171008K, used 18914K [0x000000008f800000, 0x0000000099f00000, 0x00000000da800000)
  object space 171008K, 11% used [0x000000008f800000,0x0000000090a78808,0x0000000099f00000)
 Metaspace       used 6162K, capacity 7588K, committed 7936K, reserved 1056768K
  class space    used 518K, capacity 678K, committed 768K, reserved 1048576K
}
Event: 1.626 GC heap after
{Heap after GC invocations=5 (full 0):
 PSYoungGen      total 268288K, used 10230K [0x00000000da800000, 0x00000000fd000000, 0x0000000100000000)
  eden space 258048K, 0% used [0x00000000da800000,0x00000000da800000,0x00000000ea400000)
  from space 10240K, 99% used [0x00000000ea400000,0x00000000eadfdb90,0x00000000eae00000)
  to   space 24576K, 0% used [0x00000000fb800000,0x00000000fb800000,0x00000000fd000000)
 ParOldGen       total 171008K, used 29017K [0x000000008f800000, 0x0000000099f00000, 0x00000000da800000)
  object space 171008K, 16% used [0x000000008f800000,0x00000000914565f0,0x0000000099f00000)
 Metaspace       used 6162K, capacity 7588K, committed 7936K, reserved 1056768K
  class space    used 518K, capacity 678K, committed 768K, reserved 1048576K
}
Event: 1.753 GC heap before
{Heap before GC invocations=6 (full 0):
 PSYoungGen      total 268288K, used 268278K [0x00000000da800000, 0x00000000fd000000, 0x0000000100000000)
  eden space 258048K, 100% used [0x00000000da800000,0x00000000ea400000,0x00000000ea400000)
  from space 10240K, 99% used [0x00000000ea400000,0x00000000eadfdb90,0x00000000eae00000)
  to   space 24576K, 0% used [0x00000000fb800000,0x00000000fb800000,0x00000000fd000000)
 ParOldGen       total 171008K, used 29017K [0x000000008f800000, 0x0000000099f00000, 0x00000000da800000)
  object space 171008K, 16% used [0x000000008f800000,0x00000000914565f0,0x0000000099f00000)
 Metaspace       used 6167K, capacity 7588K, committed 7936K, reserved 1056768K
  class space    used 518K, capacity 678K, committed 768K, reserved 1048576K
}
Event: 1.765 GC heap after
{Heap after GC invocations=6 (full 0):
 PSYoungGen      total 539648K, used 20480K [0x00000000da800000, 0x00000000fd200000, 0x0000000100000000)
  eden space 515072K, 0% used [0x00000000da800000,0x00000000da800000,0x00000000f9f00000)
  from space 24576K, 83% used [0x00000000fb800000,0x00000000fcc00090,0x00000000fd000000)
  to   space 25600K, 0% used [0x00000000f9f00000,0x00000000f9f00000,0x00000000fb800000)
 ParOldGen       total 171008K, used 29017K [0x000000008f800000, 0x0000000099f00000, 0x00000000da800000)
  object space 171008K, 16% used [0x000000008f800000,0x00000000914565f0,0x0000000099f00000)
 Metaspace       used 6167K, capacity 7588K, committed 7936K, reserved 1056768K
  class space    used 518K, capacity 678K, committed 768K, reserved 1048576K
}
Event: 2.336 GC heap before
{Heap before GC invocations=7 (full 0):
 PSYoungGen      total 539648K, used 535552K [0x00000000da800000, 0x00000000fd200000, 0x0000000100000000)
  eden space 515072K, 100% used [0x00000000da800000,0x00000000f9f00000,0x00000000f9f00000)
  from space 24576K, 83% used [0x00000000fb800000,0x00000000fcc00090,0x00000000fd000000)
  to   space 25600K, 0% used [0x00000000f9f00000,0x00000000f9f00000,0x00000000fb800000)
 ParOldGen       total 171008K, used 29017K [0x000000008f800000, 0x0000000099f00000, 0x00000000da800000)
  object space 171008K, 16% used [0x000000008f800000,0x00000000914565f0,0x0000000099f00000)
 Metaspace       used 8447K, capacity 8644K, committed 8960K, reserved 1056768K
  class space    used 647K, capacity 749K, committed 768K, reserved 1048576K
}
Event: 2.357 GC heap after
{Heap after GC invocations=7 (full 0):
 PSYoungGen      total 540672K, used 19936K [0x00000000da800000, 0x0000000100000000, 0x0000000100000000)
  eden space 515072K, 0% used [0x00000000da800000,0x00000000da800000,0x00000000f9f00000)
  from space 25600K, 77% used [0x00000000f9f00000,0x00000000fb2780b0,0x00000000fb800000)
  to   space 26112K, 0% used [0x00000000fe680000,0x00000000fe680000,0x0000000100000000)
 ParOldGen       total 171008K, used 37308K [0x000000008f800000, 0x0000000099f00000, 0x00000000da800000)
  object space 171008K, 21% used [0x000000008f800000,0x0000000091c6f160,0x0000000099f00000)
 Metaspace       used 8447K, capacity 8644K, committed 8960K, reserved 1056768K
  class space    used 647K, capacity 749K, committed 768K, reserved 1048576K
}
Event: 3.608 GC heap before
{Heap before GC invocations=8 (full 0):
 PSYoungGen      total 540672K, used 535008K [0x00000000da800000, 0x0000000100000000, 0x0000000100000000)
  eden space 515072K, 100% used [0x00000000da800000,0x00000000f9f00000,0x00000000f9f00000)
  from space 25600K, 77% used [0x00000000f9f00000,0x00000000fb2780b0,0x00000000fb800000)
  to   space 26112K, 0% used [0x00000000fe680000,0x00000000fe680000,0x0000000100000000)
 ParOldGen       total 171008K, used 37308K [0x000000008f800000, 0x0000000099f00000, 0x00000000da800000)
  object space 171008K, 21% used [0x000000008f800000,0x0000000091c6f160,0x0000000099f00000)
 Metaspace       used 10568K, capacity 10941K, committed 11008K, reserved 1058816K
  class space    used 825K, capacity 959K, committed 1024K, reserved 1048576K
}
Event: 3.620 GC heap after
{Heap after GC invocations=8 (full 0):
 PSYoungGen      total 587264K, used 17024K [0x00000000da800000, 0x00000000ffe80000, 0x0000000100000000)
  eden space 562688K, 0% used [0x00000000da800000,0x00000000da800000,0x00000000fcd80000)
  from space 24576K, 69% used [0x00000000fe680000,0x00000000ff720080,0x00000000ffe80000)
  to   space 25088K, 0% used [0x00000000fcd80000,0x00000000fcd80000,0x00000000fe600000)
 ParOldGen       total 171008K, used 37684K [0x000000008f800000, 0x0000000099f00000, 0x00000000da800000)
  object space 171008K, 22% used [0x000000008f800000,0x0000000091ccd160,0x0000000099f00000)
 Metaspace       used 10568K, capacity 10941K, committed 11008K, reserved 1058816K
  class space    used 825K, capacity 959K, committed 1024K, reserved 1048576K
}
Event: 5.726 GC heap before
{Heap before GC invocations=9 (full 0):
 PSYoungGen      total 587264K, used 579712K [0x00000000da800000, 0x00000000ffe80000, 0x0000000100000000)
  eden space 562688K, 100% used [0x00000000da800000,0x00000000fcd80000,0x00000000fcd80000)
  from space 24576K, 69% used [0x00000000fe680000,0x00000000ff720080,0x00000000ffe80000)
  to   space 25088K, 0% used [0x00000000fcd80000,0x00000000fcd80000,0x00000000fe600000)
 ParOldGen       total 171008K, used 37684K [0x000000008f800000, 0x0000000099f00000, 0x00000000da800000)
  object space 171008K, 22% used [0x000000008f800000,0x0000000091ccd160,0x0000000099f00000)
 Metaspace       used 11838K, capacity 12359K, committed 12544K, reserved 1060864K
  class space    used 960K, capacity 1180K, committed 1280K, reserved 1048576K
}
Event: 5.741 GC heap after
{Heap after GC invocations=9 (full 0):
 PSYoungGen      total 587776K, used 15121K [0x00000000da800000, 0x00000000fff80000, 0x0000000100000000)
  eden space 562688K, 0% used [0x00000000da800000,0x00000000da800000,0x00000000fcd80000)
  from space 25088K, 60% used [0x00000000fcd80000,0x00000000fdc44560,0x00000000fe600000)
  to   space 24576K, 0% used [0x00000000fe780000,0x00000000fe780000,0x00000000fff80000)
 ParOldGen       total 171008K, used 40172K [0x000000008f800000, 0x0000000099f00000, 0x00000000da800000)
  object space 171008K, 23% used [0x000000008f800000,0x0000000091f3b1d0,0x0000000099f00000)
 Metaspace       used 11838K, capacity 12359K, committed 12544K, reserved 1060864K
  class space    used 960K, capacity 1180K, committed 1280K, reserved 1048576K
}
Event: 6.992 GC heap before
{Heap before GC invocations=10 (full 0):
 PSYoungGen      total 587776K, used 577809K [0x00000000da800000, 0x00000000fff80000, 0x0000000100000000)
  eden space 562688K, 100% used [0x00000000da800000,0x00000000fcd80000,0x00000000fcd80000)
  from space 25088K, 60% used [0x00000000fcd80000,0x00000000fdc44560,0x00000000fe600000)
  to   space 24576K, 0% used [0x00000000fe780000,0x00000000fe780000,0x00000000fff80000)
 ParOldGen       total 171008K, used 40172K [0x000000008f800000, 0x0000000099f00000, 0x00000000da800000)
  object space 171008K, 23% used [0x000000008f800000,0x0000000091f3b1d0,0x0000000099f00000)
 Metaspace       used 11840K, capacity 12359K, committed 12544K, reserved 1060864K
  class space    used 960K, capacity 1180K, committed 1280K, reserved 1048576K
}
Event: 7.019 GC heap after
{Heap after GC invocations=10 (full 0):
 PSYoungGen      total 585728K, used 720K [0x00000000da800000, 0x0000000100000000, 0x0000000100000000)
  eden space 561152K, 0% used [0x00000000da800000,0x00000000da800000,0x00000000fcc00000)
  from space 24576K, 2% used [0x00000000fe780000,0x00000000fe834250,0x00000000fff80000)
  to   space 26624K, 0% used [0x00000000fcc00000,0x00000000fcc00000,0x00000000fe600000)
 ParOldGen       total 171008K, used 55825K [0x000000008f800000, 0x0000000099f00000, 0x00000000da800000)
  object space 171008K, 32% used [0x000000008f800000,0x0000000092e84738,0x0000000099f00000)
 Metaspace       used 11840K, capacity 12359K, committed 12544K, reserved 1060864K
  class space    used 960K, capacity 1180K, committed 1280K, reserved 1048576K
}
Event: 8.256 GC heap before
{Heap before GC invocations=11 (full 0):
 PSYoungGen      total 585728K, used 561872K [0x00000000da800000, 0x0000000100000000, 0x0000000100000000)
  eden space 561152K, 100% used [0x00000000da800000,0x00000000fcc00000,0x00000000fcc00000)
  from space 24576K, 2% used [0x00000000fe780000,0x00000000fe834250,0x00000000fff80000)
  to   space 26624K, 0% used [0x00000000fcc00000,0x00000000fcc00000,0x00000000fe600000)
 ParOldGen       total 171008K, used 55825K [0x000000008f800000, 0x0000000099f00000, 0x00000000da800000)
  object space 171008K, 32% used [0x000000008f800000,0x0000000092e84738,0x0000000099f00000)
 Metaspace       used 11840K, capacity 12359K, committed 12544K, reserved 1060864K
  class space    used 960K, capacity 1180K, committed 1280K, reserved 1048576K
}
Event: 8.259 GC heap after
{Heap after GC invocations=11 (full 0):
 PSYoungGen      total 561664K, used 32K [0x00000000da800000, 0x0000000100000000, 0x0000000100000000)
  eden space 561152K, 0% used [0x00000000da800000,0x00000000da800000,0x00000000fcc00000)
  from space 512K, 6% used [0x00000000fcc00000,0x00000000fcc08000,0x00000000fcc80000)
  to   space 28160K, 0% used [0x00000000fe480000,0x00000000fe480000,0x0000000100000000)
 ParOldGen       total 171008K, used 56478K [0x000000008f800000, 0x0000000099f00000, 0x00000000da800000)
  object space 171008K, 33% used [0x000000008f800000,0x0000000092f279d8,0x0000000099f00000)
 Metaspace       used 11840K, capacity 12359K, committed 12544K, reserved 1060864K
  class space    used 960K, capacity 1180K, committed 1280K, reserved 1048576K
}

