# JRE version: OpenJDK Runtime Environment (11.0.20+8) (build 11.0.20+8-post-Ubuntu-1ubuntu122.04)
# Java VM: OpenJDK 64-Bit Server VM (11.0.20+8-post-Ubuntu-1ubuntu122.04, mixed mode, sharing, tiered, compressed oops, parallel gc, linux-amd64)
Heap:
 PSYoungGen      total 96768K, used 68986K [0x00000000da800000, 0x00000000f0880000, 0x0000000100000000)
  eden space 96256K, 71% used [0x00000000da800000,0x00000000deb4e960,0x00000000e0600000)
  from space 512K, 12% used [0x00000000f0800000,0x00000000f0810000,0x00000000f0880000)
  to   space 512K, 0% used [0x00000000f0780000,0x00000000f0780000,0x00000000f0800000)
 ParOldGen       total 171008K, used 55116K [0x000000008f800000, 0x0000000099f00000, 0x00000000da800000)
  object space 171008K, 32% used [0x000000008f800000,0x0000000092dd3200,0x0000000099f00000)
 Metaspace       used 11775K, capacity 12210K, committed 12416K, reserved 1060864K
  class space    used 917K, capacity 1085K, committed 1152K, reserved 1048576K
GC Heap History (20 events):
Event: 52.719 GC heap before
{Heap before GC invocations=91 (full 0):
 PSYoungGen      total 82432K, used 81984K [0x00000000da800000, 0x00000000f0880000, 0x0000000100000000)
  eden space 81920K, 100% used [0x00000000da800000,0x00000000df800000,0x00000000df800000)
  from space 512K, 12% used [0x00000000f0800000,0x00000000f0810010,0x00000000f0880000)
  to   space 512K, 0% used [0x00000000f0780000,0x00000000f0780000,0x00000000f0800000)
 ParOldGen       total 171008K, used 55012K [0x000000008f800000, 0x0000000099f00000, 0x00000000da800000)
  object space 171008K, 32% used [0x000000008f800000,0x0000000092db9200,0x0000000099f00000)
 Metaspace       used 11749K, capacity 12210K, committed 12416K, reserved 1060864K
  class space    used 915K, capacity 1085K, committed 1152K, reserved 1048576K
}
Event: 52.720 GC heap after
{Heap after GC invocations=91 (full 0):
 PSYoungGen      total 98816K, used 96K [0x00000000da800000, 0x00000000f0880000, 0x0000000100000000)
  eden space 98304K, 0% used [0x00000000da800000,0x00000000da800000,0x00000000e0800000)
  from space 512K, 18% used [0x00000000f0780000,0x00000000f0798010,0x00000000f0800000)
  to   space 512K, 0% used [0x00000000f0800000,0x00000000f0800000,0x00000000f0880000)
 ParOldGen       total 171008K, used 55036K [0x000000008f800000, 0x0000000099f00000, 0x00000000da800000)
  object space 171008K, 32% used [0x000000008f800000,0x0000000092dbf200,0x0000000099f00000)
 Metaspace       used 11749K, capacity 12210K, committed 12416K, reserved 1060864K
  class space    used 915K, capacity 1085K, committed 1152K, reserved 1048576K
}
Event: 52.971 GC heap before
{Heap before GC invocations=92 (full 0):
 PSYoungGen      total 98816K, used 98400K [0x00000000da800000, 0x00000000f0880000, 0x0000000100000000)
  eden space 98304K, 100% used [0x00000000da800000,0x00000000e0800000,0x00000000e0800000)
  from space 512K, 18% used [0x00000000f0780000,0x00000000f0798010,0x00000000f0800000)
  to   space 512K, 0% used [0x00000000f0800000,0x00000000f0800000,0x00000000f0880000)
 ParOldGen       total 171008K, used 55036K [0x000000008f800000, 0x0000000099f00000, 0x00000000da800000)
  object space 171008K, 32% used [0x000000008f800000,0x0000000092dbf200,0x0000000099f00000)
 Metaspace       used 11749K, capacity 12210K, committed 12416K, reserved 1060864K
  class space    used 915K, capacity 1085K, committed 1152K, reserved 1048576K
}
Event: 52.973 GC heap after
{Heap after GC invocations=92 (full 0):
 PSYoungGen      total 96256K, used 64K [0x00000000da800000, 0x00000000f0880000, 0x0000000100000000)
  eden space 95744K, 0% used [0x00000000da800000,0x00000000da800000,0x00000000e0580000)
  from space 512K, 12% used [0x00000000f0800000,0x00000000f0810000,0x00000000f0880000)
  to   space 512K, 0% used [0x00000000f0780000,0x00000000f0780000,0x00000000f0800000)
 ParOldGen       total 171008K, used 55036K [0x000000008f800000, 0x0000000099f00000, 0x00000000da800000)
  object space 171008K, 32% used [0x000000008f800000,0x0000000092dbf200,0x0000000099f00000)
 Metaspace       used 11749K, capacity 12210K, committed 12416K, reserved 1060864K
  class space    used 915K, capacity 1085K, committed 1152K, reserved 1048576K
}
Event: 53.222 GC heap before
{Heap before GC invocations=93 (full 0):
 PSYoungGen      total 96256K, used 95808K [0x00000000da800000, 0x00000000f0880000, 0x0000000100000000)
  eden space 95744K, 100% used [0x00000000da800000,0x00000000e0580000,0x00000000e0580000)
  from space 512K, 12% used [0x00000000f0800000,0x00000000f0810000,0x00000000f0880000)
  to   space 512K, 0% used [0x00000000f0780000,0x00000000f0780000,0x00000000f0800000)
 ParOldGen       total 171008K, used 55036K [0x000000008f800000, 0x0000000099f00000, 0x00000000da800000)
  object space 171008K, 32% used [0x000000008f800000,0x0000000092dbf200,0x0000000099f00000)
 Metaspace       used 11749K, capacity 12210K, committed 12416K, reserved 1060864K
  class space    used 915K, capacity 1085K, committed 1152K, reserved 1048576K
}
Event: 53.224 GC heap after
{Heap after GC invocations=93 (full 0):
 PSYoungGen      total 93696K, used 96K [0x00000000da800000, 0x00000000f0880000, 0x0000000100000000)
  eden space 93184K, 0% used [0x00000000da800000,0x00000000da800000,0x00000000e0300000)
  from space 512K, 18% used [0x00000000f0780000,0x00000000f0798010,0x00000000f0800000)
  to   space 512K, 0% used [0x00000000f0800000,0x00000000f0800000,0x00000000f0880000)
 ParOldGen       total 171008K, used 55044K [0x000000008f800000, 0x0000000099f00000, 0x00000000da800000)
  object space 171008K, 32% used [0x000000008f800000,0x0000000092dc1200,0x0000000099f00000)
 Metaspace       used 11749K, capacity 12210K, committed 12416K, reserved 1060864K
  class space    used 915K, capacity 1085K, committed 1152K, reserved 1048576K
}
Event: 53.462 GC heap before
{Heap before GC invocations=94 (full 0):
 PSYoungGen      total 93696K, used 93280K [0x00000000da800000, 0x00000000f0880000, 0x0000000100000000)
  eden space 93184K, 100% used [0x00000000da800000,0x00000000e0300000,0x00000000e0300000)
  from space 512K, 18% used [0x00000000f0780000,0x00000000f0798010,0x00000000f0800000)
  to   space 512K, 0% used [0x00000000f0800000,0x00000000f0800000,0x00000000f0880000)
 ParOldGen       total 171008K, used 55044K [0x000000008f800000, 0x0000000099f00000, 0x00000000da800000)
  object space 171008K, 32% used [0x000000008f800000,0x0000000092dc1200,0x0000000099f00000)
 Metaspace       used 11749K, capacity 12210K, committed 12416K, reserved 1060864K
  class space    used 915K, capacity 1085K, committed 1152K, reserved 1048576K
}
Event: 53.464 GC heap after
{Heap after GC invocations=94 (full 0):
 PSYoungGen      total 91136K, used 160K [0x00000000da800000, 0x00000000f0880000, 0x0000000100000000)
  eden space 90624K, 0% used [0x00000000da800000,0x00000000da800000,0x00000000e0080000)
  from space 512K, 31% used [0x00000000f0800000,0x00000000f0828000,0x00000000f0880000)
  to   space 512K, 0% used [0x00000000f0780000,0x00000000f0780000,0x00000000f0800000)
 ParOldGen       total 171008K, used 55068K [0x000000008f800000, 0x0000000099f00000, 0x00000000da800000)
  object space 171008K, 32% used [0x000000008f800000,0x0000000092dc7200,0x0000000099f00000)
 Metaspace       used 11749K, capacity 12210K, committed 12416K, reserved 1060864K
  class space    used 915K, capacity 1085K, committed 1152K, reserved 1048576K
}
Event: 53.697 GC heap before
{Heap before GC invocations=95 (full 0):
 PSYoungGen      total 91136K, used 90784K [0x00000000da800000, 0x00000000f0880000, 0x0000000100000000)
  eden space 90624K, 100% used [0x00000000da800000,0x00000000e0080000,0x00000000e0080000)
  from space 512K, 31% used [0x00000000f0800000,0x00000000f0828000,0x00000000f0880000)
  to   space 512K, 0% used [0x00000000f0780000,0x00000000f0780000,0x00000000f0800000)
 ParOldGen       total 171008K, used 55068K [0x000000008f800000, 0x0000000099f00000, 0x00000000da800000)
  object space 171008K, 32% used [0x000000008f800000,0x0000000092dc7200,0x0000000099f00000)
 Metaspace       used 11749K, capacity 12210K, committed 12416K, reserved 1060864K
  class space    used 915K, capacity 1085K, committed 1152K, reserved 1048576K
}
Event: 53.699 GC heap after
{Heap after GC invocations=95 (full 0):
 PSYoungGen      total 88576K, used 96K [0x00000000da800000, 0x00000000f0880000, 0x0000000100000000)
  eden space 88064K, 0% used [0x00000000da800000,0x00000000da800000,0x00000000dfe00000)
  from space 512K, 18% used [0x00000000f0780000,0x00000000f0798000,0x00000000f0800000)
  to   space 512K, 0% used [0x00000000f0800000,0x00000000f0800000,0x00000000f0880000)
 ParOldGen       total 171008K, used 55076K [0x000000008f800000, 0x0000000099f00000, 0x00000000da800000)
  object space 171008K, 32% used [0x000000008f800000,0x0000000092dc9200,0x0000000099f00000)
 Metaspace       used 11749K, capacity 12210K, committed 12416K, reserved 1060864K
  class space    used 915K, capacity 1085K, committed 1152K, reserved 1048576K
}
Event: 53.926 GC heap before
{Heap before GC invocations=96 (full 0):
 PSYoungGen      total 88576K, used 88160K [0x00000000da800000, 0x00000000f0880000, 0x0000000100000000)
  eden space 88064K, 100% used [0x00000000da800000,0x00000000dfe00000,0x00000000dfe00000)
  from space 512K, 18% used [0x00000000f0780000,0x00000000f0798000,0x00000000f0800000)
  to   space 512K, 0% used [0x00000000f0800000,0x00000000f0800000,0x00000000f0880000)
 ParOldGen       total 171008K, used 55076K [0x000000008f800000, 0x0000000099f00000, 0x00000000da800000)
  object space 171008K, 32% used [0x000000008f800000,0x0000000092dc9200,0x0000000099f00000)
 Metaspace       used 11749K, capacity 12210K, committed 12416K, reserved 1060864K
  class space    used 915K, capacity 1085K, committed 1152K, reserved 1048576K
}
Event: 53.927 GC heap after
{Heap after GC invocations=96 (full 0):
 PSYoungGen      total 86528K, used 160K [0x00000000da800000, 0x00000000f0880000, 0x0000000100000000)
  eden space 86016K, 0% used [0x00000000da800000,0x00000000da800000,0x00000000dfc00000)
  from space 512K, 31% used [0x00000000f0800000,0x00000000f0828010,0x00000000f0880000)
  to   space 512K, 0% used [0x00000000f0780000,0x00000000f0780000,0x00000000f0800000)
 ParOldGen       total 171008K, used 55076K [0x000000008f800000, 0x0000000099f00000, 0x00000000da800000)
  object space 171008K, 32% used [0x000000008f800000,0x0000000092dc9200,0x0000000099f00000)
 Metaspace       used 11749K, capacity 12210K, committed 12416K, reserved 1060864K
  class space    used 915K, capacity 1085K, committed 1152K, reserved 1048576K
}
Event: 54.147 GC heap before
{Heap before GC invocations=97 (full 0):
 PSYoungGen      total 86528K, used 86176K [0x00000000da800000, 0x00000000f0880000, 0x0000000100000000)
  eden space 86016K, 100% used [0x00000000da800000,0x00000000dfc00000,0x00000000dfc00000)
  from space 512K, 31% used [0x00000000f0800000,0x00000000f0828010,0x00000000f0880000)
  to   space 512K, 0% used [0x00000000f0780000,0x00000000f0780000,0x00000000f0800000)
 ParOldGen       total 171008K, used 55076K [0x000000008f800000, 0x0000000099f00000, 0x00000000da800000)
  object space 171008K, 32% used [0x000000008f800000,0x0000000092dc9200,0x0000000099f00000)
 Metaspace       used 11749K, capacity 12210K, committed 12416K, reserved 1060864K
  class space    used 915K, capacity 1085K, committed 1152K, reserved 1048576K
}
Event: 54.149 GC heap after
{Heap after GC invocations=97 (full 0):
 PSYoungGen      total 84480K, used 96K [0x00000000da800000, 0x00000000f0880000, 0x0000000100000000)
  eden space 83968K, 0% used [0x00000000da800000,0x00000000da800000,0x00000000dfa00000)
  from space 512K, 18% used [0x00000000f0780000,0x00000000f0798010,0x00000000f0800000)
  to   space 512K, 0% used [0x00000000f0800000,0x00000000f0800000,0x00000000f0880000)
 ParOldGen       total 171008K, used 55084K [0x000000008f800000, 0x0000000099f00000, 0x00000000da800000)
  object space 171008K, 32% used [0x000000008f800000,0x0000000092dcb200,0x0000000099f00000)
 Metaspace       used 11749K, capacity 12210K, committed 12416K, reserved 1060864K
  class space    used 915K, capacity 1085K, committed 1152K, reserved 1048576K
}
Event: 54.365 GC heap before
{Heap before GC invocations=98 (full 0):
 PSYoungGen      total 84480K, used 84064K [0x00000000da800000, 0x00000000f0880000, 0x0000000100000000)
  eden space 83968K, 100% used [0x00000000da800000,0x00000000dfa00000,0x00000000dfa00000)
  from space 512K, 18% used [0x00000000f0780000,0x00000000f0798010,0x00000000f0800000)
  to   space 512K, 0% used [0x00000000f0800000,0x00000000f0800000,0x00000000f0880000)
 ParOldGen       total 171008K, used 55084K [0x000000008f800000, 0x0000000099f00000, 0x00000000da800000)
  object space 171008K, 32% used [0x000000008f800000,0x0000000092dcb200,0x0000000099f00000)
 Metaspace       used 11749K, capacity 12210K, committed 12416K, reserved 1060864K
  class space    used 915K, capacity 1085K, committed 1152K, reserved 1048576K
}
Event: 54.367 GC heap after
{Heap after GC invocations=98 (full 0):
 PSYoungGen      total 82432K, used 128K [0x00000000da800000, 0x00000000f0880000, 0x0000000100000000)
  eden space 81920K, 0% used [0x00000000da800000,0x00000000da800000,0x00000000df800000)
  from space 512K, 25% used [0x00000000f0800000,0x00000000f0820010,0x00000000f0880000)
  to   space 512K, 0% used [0x00000000f0780000,0x00000000f0780000,0x00000000f0800000)
 ParOldGen       total 171008K, used 55100K [0x000000008f800000, 0x0000000099f00000, 0x00000000da800000)
  object space 171008K, 32% used [0x000000008f800000,0x0000000092dcf200,0x0000000099f00000)
 Metaspace       used 11749K, capacity 12210K, committed 12416K, reserved 1060864K
  class space    used 915K, capacity 1085K, committed 1152K, reserved 1048576K
}
Event: 54.572 GC heap before
{Heap before GC invocations=99 (full 0):
 PSYoungGen      total 82432K, used 82048K [0x00000000da800000, 0x00000000f0880000, 0x0000000100000000)
  eden space 81920K, 100% used [0x00000000da800000,0x00000000df800000,0x00000000df800000)
  from space 512K, 25% used [0x00000000f0800000,0x00000000f0820010,0x00000000f0880000)
  to   space 512K, 0% used [0x00000000f0780000,0x00000000f0780000,0x00000000f0800000)
 ParOldGen       total 171008K, used 55100K [0x000000008f800000, 0x0000000099f00000, 0x00000000da800000)
  object space 171008K, 32% used [0x000000008f800000,0x0000000092dcf200,0x0000000099f00000)
 Metaspace       used 11749K, capacity 12210K, committed 12416K, reserved 1060864K
  class space    used 915K, capacity 1085K, committed 1152K, reserved 1048576K
}
Event: 54.574 GC heap after
{Heap after GC invocations=99 (full 0):
 PSYoungGen      total 80384K, used 128K [0x00000000da800000, 0x00000000f0880000, 0x0000000100000000)
  eden space 79872K, 0% used [0x00000000da800000,0x00000000da800000,0x00000000df600000)
  from space 512K, 25% used [0x00000000f0780000,0x00000000f07a0010,0x00000000f0800000)
  to   space 512K, 0% used [0x00000000f0800000,0x00000000f0800000,0x00000000f0880000)
 ParOldGen       total 171008K, used 55116K [0x000000008f800000, 0x0000000099f00000, 0x00000000da800000)
  object space 171008K, 32% used [0x000000008f800000,0x0000000092dd3200,0x0000000099f00000)
 Metaspace       used 11749K, capacity 12210K, committed 12416K, reserved 1060864K
  class space    used 915K, capacity 1085K, committed 1152K, reserved 1048576K
}
Event: 54.780 GC heap before
{Heap before GC invocations=100 (full 0):
 PSYoungGen      total 80384K, used 79984K [0x00000000da800000, 0x00000000f0880000, 0x0000000100000000)
  eden space 79872K, 99% used [0x00000000da800000,0x00000000df5fc1c8,0x00000000df600000)
  from space 512K, 25% used [0x00000000f0780000,0x00000000f07a0010,0x00000000f0800000)
  to   space 512K, 0% used [0x00000000f0800000,0x00000000f0800000,0x00000000f0880000)
 ParOldGen       total 171008K, used 55116K [0x000000008f800000, 0x0000000099f00000, 0x00000000da800000)
  object space 171008K, 32% used [0x000000008f800000,0x0000000092dd3200,0x0000000099f00000)
 Metaspace       used 11749K, capacity 12210K, committed 12416K, reserved 1060864K
  class space    used 915K, capacity 1085K, committed 1152K, reserved 1048576K
}
Event: 54.786 GC heap after
{Heap after GC invocations=100 (full 0):
 PSYoungGen      total 96768K, used 64K [0x00000000da800000, 0x00000000f0880000, 0x0000000100000000)
  eden space 96256K, 0% used [0x00000000da800000,0x00000000da800000,0x00000000e0600000)
  from space 512K, 12% used [0x00000000f0800000,0x00000000f0810000,0x00000000f0880000)
  to   space 512K, 0% used [0x00000000f0780000,0x00000000f0780000,0x00000000f0800000)
 ParOldGen       total 171008K, used 55116K [0x000000008f800000, 0x0000000099f00000, 0x00000000da800000)
  object space 171008K, 32% used [0x000000008f800000,0x0000000092dd3200,0x0000000099f00000)
 Metaspace       used 11749K, capacity 12210K, committed 12416K, reserved 1060864K
  class space    used 915K, capacity 1085K, committed 1152K, reserved 1048576K
}

