# JRE version: OpenJDK Runtime Environment (11.0.20.1+1) (build 11.0.20.1+1-post-Ubuntu-0ubuntu122.04)
# Java VM: OpenJDK 64-Bit Server VM (11.0.20.1+1-post-Ubuntu-0ubuntu122.04, mixed mode, sharing, tiered, compressed oops, parallel gc, linux-amd64)
Heap:
 PSYoungGen      total 79872K, used 79392K [0x00000000da800000, 0x00000000efb00000, 0x0000000100000000)
  eden space 79360K, 100% used [0x00000000da800000,0x00000000df580000,0x00000000df580000)
  from space 512K, 6% used [0x00000000efa80000,0x00000000efa88000,0x00000000efb00000)
  to   space 512K, 0% used [0x00000000efa00000,0x00000000efa00000,0x00000000efa80000)
 ParOldGen       total 171008K, used 57508K [0x000000008f800000, 0x0000000099f00000, 0x00000000da800000)
  object space 171008K, 33% used [0x000000008f800000,0x0000000093029338,0x0000000099f00000)
 Metaspace       used 11895K, capacity 12432K, committed 12800K, reserved 1060864K
  class space    used 963K, capacity 1183K, committed 1280K, reserved 1048576K
GC Heap History (20 events):
Event: 75.685 GC heap before
{Heap before GC invocations=213 (full 0):
 PSYoungGen      total 103936K, used 103488K [0x00000000da800000, 0x00000000efb00000, 0x0000000100000000)
  eden space 103424K, 100% used [0x00000000da800000,0x00000000e0d00000,0x00000000e0d00000)
  from space 512K, 12% used [0x00000000efa80000,0x00000000efa90000,0x00000000efb00000)
  to   space 512K, 0% used [0x00000000efa00000,0x00000000efa00000,0x00000000efa80000)
 ParOldGen       total 171008K, used 57508K [0x000000008f800000, 0x0000000099f00000, 0x00000000da800000)
  object space 171008K, 33% used [0x000000008f800000,0x0000000093029338,0x0000000099f00000)
 Metaspace       used 11873K, capacity 12432K, committed 12800K, reserved 1060864K
  class space    used 961K, capacity 1183K, committed 1280K, reserved 1048576K
}
Event: 75.687 GC heap after
{Heap after GC invocations=213 (full 0):
 PSYoungGen      total 100864K, used 64K [0x00000000da800000, 0x00000000efb00000, 0x0000000100000000)
  eden space 100352K, 0% used [0x00000000da800000,0x00000000da800000,0x00000000e0a00000)
  from space 512K, 12% used [0x00000000efa00000,0x00000000efa10000,0x00000000efa80000)
  to   space 512K, 0% used [0x00000000efa80000,0x00000000efa80000,0x00000000efb00000)
 ParOldGen       total 171008K, used 57508K [0x000000008f800000, 0x0000000099f00000, 0x00000000da800000)
  object space 171008K, 33% used [0x000000008f800000,0x0000000093029338,0x0000000099f00000)
 Metaspace       used 11873K, capacity 12432K, committed 12800K, reserved 1060864K
  class space    used 961K, capacity 1183K, committed 1280K, reserved 1048576K
}
Event: 75.926 GC heap before
{Heap before GC invocations=214 (full 0):
 PSYoungGen      total 100864K, used 100416K [0x00000000da800000, 0x00000000efb00000, 0x0000000100000000)
  eden space 100352K, 100% used [0x00000000da800000,0x00000000e0a00000,0x00000000e0a00000)
  from space 512K, 12% used [0x00000000efa00000,0x00000000efa10000,0x00000000efa80000)
  to   space 512K, 0% used [0x00000000efa80000,0x00000000efa80000,0x00000000efb00000)
 ParOldGen       total 171008K, used 57508K [0x000000008f800000, 0x0000000099f00000, 0x00000000da800000)
  object space 171008K, 33% used [0x000000008f800000,0x0000000093029338,0x0000000099f00000)
 Metaspace       used 11873K, capacity 12432K, committed 12800K, reserved 1060864K
  class space    used 961K, capacity 1183K, committed 1280K, reserved 1048576K
}
Event: 75.928 GC heap after
{Heap after GC invocations=214 (full 0):
 PSYoungGen      total 98304K, used 160K [0x00000000da800000, 0x00000000efb00000, 0x0000000100000000)
  eden space 97792K, 0% used [0x00000000da800000,0x00000000da800000,0x00000000e0780000)
  from space 512K, 31% used [0x00000000efa80000,0x00000000efaa8000,0x00000000efb00000)
  to   space 512K, 0% used [0x00000000efa00000,0x00000000efa00000,0x00000000efa80000)
 ParOldGen       total 171008K, used 57508K [0x000000008f800000, 0x0000000099f00000, 0x00000000da800000)
  object space 171008K, 33% used [0x000000008f800000,0x0000000093029338,0x0000000099f00000)
 Metaspace       used 11873K, capacity 12432K, committed 12800K, reserved 1060864K
  class space    used 961K, capacity 1183K, committed 1280K, reserved 1048576K
}
Event: 76.159 GC heap before
{Heap before GC invocations=215 (full 0):
 PSYoungGen      total 98304K, used 97952K [0x00000000da800000, 0x00000000efb00000, 0x0000000100000000)
  eden space 97792K, 100% used [0x00000000da800000,0x00000000e0780000,0x00000000e0780000)
  from space 512K, 31% used [0x00000000efa80000,0x00000000efaa8000,0x00000000efb00000)
  to   space 512K, 0% used [0x00000000efa00000,0x00000000efa00000,0x00000000efa80000)
 ParOldGen       total 171008K, used 57508K [0x000000008f800000, 0x0000000099f00000, 0x00000000da800000)
  object space 171008K, 33% used [0x000000008f800000,0x0000000093029338,0x0000000099f00000)
 Metaspace       used 11873K, capacity 12432K, committed 12800K, reserved 1060864K
  class space    used 961K, capacity 1183K, committed 1280K, reserved 1048576K
}
Event: 76.160 GC heap after
{Heap after GC invocations=215 (full 0):
 PSYoungGen      total 95744K, used 64K [0x00000000da800000, 0x00000000efb00000, 0x0000000100000000)
  eden space 95232K, 0% used [0x00000000da800000,0x00000000da800000,0x00000000e0500000)
  from space 512K, 12% used [0x00000000efa00000,0x00000000efa10000,0x00000000efa80000)
  to   space 512K, 0% used [0x00000000efa80000,0x00000000efa80000,0x00000000efb00000)
 ParOldGen       total 171008K, used 57508K [0x000000008f800000, 0x0000000099f00000, 0x00000000da800000)
  object space 171008K, 33% used [0x000000008f800000,0x0000000093029338,0x0000000099f00000)
 Metaspace       used 11873K, capacity 12432K, committed 12800K, reserved 1060864K
  class space    used 961K, capacity 1183K, committed 1280K, reserved 1048576K
}
Event: 76.385 GC heap before
{Heap before GC invocations=216 (full 0):
 PSYoungGen      total 95744K, used 95296K [0x00000000da800000, 0x00000000efb00000, 0x0000000100000000)
  eden space 95232K, 100% used [0x00000000da800000,0x00000000e0500000,0x00000000e0500000)
  from space 512K, 12% used [0x00000000efa00000,0x00000000efa10000,0x00000000efa80000)
  to   space 512K, 0% used [0x00000000efa80000,0x00000000efa80000,0x00000000efb00000)
 ParOldGen       total 171008K, used 57508K [0x000000008f800000, 0x0000000099f00000, 0x00000000da800000)
  object space 171008K, 33% used [0x000000008f800000,0x0000000093029338,0x0000000099f00000)
 Metaspace       used 11873K, capacity 12432K, committed 12800K, reserved 1060864K
  class space    used 961K, capacity 1183K, committed 1280K, reserved 1048576K
}
Event: 76.386 GC heap after
{Heap after GC invocations=216 (full 0):
 PSYoungGen      total 93184K, used 160K [0x00000000da800000, 0x00000000efb00000, 0x0000000100000000)
  eden space 92672K, 0% used [0x00000000da800000,0x00000000da800000,0x00000000e0280000)
  from space 512K, 31% used [0x00000000efa80000,0x00000000efaa8000,0x00000000efb00000)
  to   space 512K, 0% used [0x00000000efa00000,0x00000000efa00000,0x00000000efa80000)
 ParOldGen       total 171008K, used 57508K [0x000000008f800000, 0x0000000099f00000, 0x00000000da800000)
  object space 171008K, 33% used [0x000000008f800000,0x0000000093029338,0x0000000099f00000)
 Metaspace       used 11873K, capacity 12432K, committed 12800K, reserved 1060864K
  class space    used 961K, capacity 1183K, committed 1280K, reserved 1048576K
}
Event: 76.608 GC heap before
{Heap before GC invocations=217 (full 0):
 PSYoungGen      total 93184K, used 92832K [0x00000000da800000, 0x00000000efb00000, 0x0000000100000000)
  eden space 92672K, 100% used [0x00000000da800000,0x00000000e0280000,0x00000000e0280000)
  from space 512K, 31% used [0x00000000efa80000,0x00000000efaa8000,0x00000000efb00000)
  to   space 512K, 0% used [0x00000000efa00000,0x00000000efa00000,0x00000000efa80000)
 ParOldGen       total 171008K, used 57508K [0x000000008f800000, 0x0000000099f00000, 0x00000000da800000)
  object space 171008K, 33% used [0x000000008f800000,0x0000000093029338,0x0000000099f00000)
 Metaspace       used 11873K, capacity 12432K, committed 12800K, reserved 1060864K
  class space    used 961K, capacity 1183K, committed 1280K, reserved 1048576K
}
Event: 76.610 GC heap after
{Heap after GC invocations=217 (full 0):
 PSYoungGen      total 90624K, used 32K [0x00000000da800000, 0x00000000efb00000, 0x0000000100000000)
  eden space 90112K, 0% used [0x00000000da800000,0x00000000da800000,0x00000000e0000000)
  from space 512K, 6% used [0x00000000efa00000,0x00000000efa08000,0x00000000efa80000)
  to   space 512K, 0% used [0x00000000efa80000,0x00000000efa80000,0x00000000efb00000)
 ParOldGen       total 171008K, used 57508K [0x000000008f800000, 0x0000000099f00000, 0x00000000da800000)
  object space 171008K, 33% used [0x000000008f800000,0x0000000093029338,0x0000000099f00000)
 Metaspace       used 11873K, capacity 12432K, committed 12800K, reserved 1060864K
  class space    used 961K, capacity 1183K, committed 1280K, reserved 1048576K
}
Event: 76.809 GC heap before
{Heap before GC invocations=218 (full 0):
 PSYoungGen      total 90624K, used 90144K [0x00000000da800000, 0x00000000efb00000, 0x0000000100000000)
  eden space 90112K, 100% used [0x00000000da800000,0x00000000e0000000,0x00000000e0000000)
  from space 512K, 6% used [0x00000000efa00000,0x00000000efa08000,0x00000000efa80000)
  to   space 512K, 0% used [0x00000000efa80000,0x00000000efa80000,0x00000000efb00000)
 ParOldGen       total 171008K, used 57508K [0x000000008f800000, 0x0000000099f00000, 0x00000000da800000)
  object space 171008K, 33% used [0x000000008f800000,0x0000000093029338,0x0000000099f00000)
 Metaspace       used 11873K, capacity 12432K, committed 12800K, reserved 1060864K
  class space    used 961K, capacity 1183K, committed 1280K, reserved 1048576K
}
Event: 76.810 GC heap after
{Heap after GC invocations=218 (full 0):
 PSYoungGen      total 88064K, used 32K [0x00000000da800000, 0x00000000efb00000, 0x0000000100000000)
  eden space 87552K, 0% used [0x00000000da800000,0x00000000da800000,0x00000000dfd80000)
  from space 512K, 6% used [0x00000000efa80000,0x00000000efa88000,0x00000000efb00000)
  to   space 512K, 0% used [0x00000000efa00000,0x00000000efa00000,0x00000000efa80000)
 ParOldGen       total 171008K, used 57508K [0x000000008f800000, 0x0000000099f00000, 0x00000000da800000)
  object space 171008K, 33% used [0x000000008f800000,0x0000000093029338,0x0000000099f00000)
 Metaspace       used 11873K, capacity 12432K, committed 12800K, reserved 1060864K
  class space    used 961K, capacity 1183K, committed 1280K, reserved 1048576K
}
Event: 77.008 GC heap before
{Heap before GC invocations=219 (full 0):
 PSYoungGen      total 88064K, used 87584K [0x00000000da800000, 0x00000000efb00000, 0x0000000100000000)
  eden space 87552K, 100% used [0x00000000da800000,0x00000000dfd80000,0x00000000dfd80000)
  from space 512K, 6% used [0x00000000efa80000,0x00000000efa88000,0x00000000efb00000)
  to   space 512K, 0% used [0x00000000efa00000,0x00000000efa00000,0x00000000efa80000)
 ParOldGen       total 171008K, used 57508K [0x000000008f800000, 0x0000000099f00000, 0x00000000da800000)
  object space 171008K, 33% used [0x000000008f800000,0x0000000093029338,0x0000000099f00000)
 Metaspace       used 11873K, capacity 12432K, committed 12800K, reserved 1060864K
  class space    used 961K, capacity 1183K, committed 1280K, reserved 1048576K
}
Event: 77.009 GC heap after
{Heap after GC invocations=219 (full 0):
 PSYoungGen      total 86016K, used 96K [0x00000000da800000, 0x00000000efb00000, 0x0000000100000000)
  eden space 85504K, 0% used [0x00000000da800000,0x00000000da800000,0x00000000dfb80000)
  from space 512K, 18% used [0x00000000efa00000,0x00000000efa18000,0x00000000efa80000)
  to   space 512K, 0% used [0x00000000efa80000,0x00000000efa80000,0x00000000efb00000)
 ParOldGen       total 171008K, used 57508K [0x000000008f800000, 0x0000000099f00000, 0x00000000da800000)
  object space 171008K, 33% used [0x000000008f800000,0x0000000093029338,0x0000000099f00000)
 Metaspace       used 11873K, capacity 12432K, committed 12800K, reserved 1060864K
  class space    used 961K, capacity 1183K, committed 1280K, reserved 1048576K
}
Event: 77.226 GC heap before
{Heap before GC invocations=220 (full 0):
 PSYoungGen      total 86016K, used 85600K [0x00000000da800000, 0x00000000efb00000, 0x0000000100000000)
  eden space 85504K, 100% used [0x00000000da800000,0x00000000dfb80000,0x00000000dfb80000)
  from space 512K, 18% used [0x00000000efa00000,0x00000000efa18000,0x00000000efa80000)
  to   space 512K, 0% used [0x00000000efa80000,0x00000000efa80000,0x00000000efb00000)
 ParOldGen       total 171008K, used 57508K [0x000000008f800000, 0x0000000099f00000, 0x00000000da800000)
  object space 171008K, 33% used [0x000000008f800000,0x0000000093029338,0x0000000099f00000)
 Metaspace       used 11873K, capacity 12432K, committed 12800K, reserved 1060864K
  class space    used 961K, capacity 1183K, committed 1280K, reserved 1048576K
}
Event: 77.227 GC heap after
{Heap after GC invocations=220 (full 0):
 PSYoungGen      total 83968K, used 64K [0x00000000da800000, 0x00000000efb00000, 0x0000000100000000)
  eden space 83456K, 0% used [0x00000000da800000,0x00000000da800000,0x00000000df980000)
  from space 512K, 12% used [0x00000000efa80000,0x00000000efa90000,0x00000000efb00000)
  to   space 512K, 0% used [0x00000000efa00000,0x00000000efa00000,0x00000000efa80000)
 ParOldGen       total 171008K, used 57508K [0x000000008f800000, 0x0000000099f00000, 0x00000000da800000)
  object space 171008K, 33% used [0x000000008f800000,0x0000000093029338,0x0000000099f00000)
 Metaspace       used 11873K, capacity 12432K, committed 12800K, reserved 1060864K
  class space    used 961K, capacity 1183K, committed 1280K, reserved 1048576K
}
Event: 77.485 GC heap before
{Heap before GC invocations=221 (full 0):
 PSYoungGen      total 83968K, used 83520K [0x00000000da800000, 0x00000000efb00000, 0x0000000100000000)
  eden space 83456K, 100% used [0x00000000da800000,0x00000000df980000,0x00000000df980000)
  from space 512K, 12% used [0x00000000efa80000,0x00000000efa90000,0x00000000efb00000)
  to   space 512K, 0% used [0x00000000efa00000,0x00000000efa00000,0x00000000efa80000)
 ParOldGen       total 171008K, used 57508K [0x000000008f800000, 0x0000000099f00000, 0x00000000da800000)
  object space 171008K, 33% used [0x000000008f800000,0x0000000093029338,0x0000000099f00000)
 Metaspace       used 11873K, capacity 12432K, committed 12800K, reserved 1060864K
  class space    used 961K, capacity 1183K, committed 1280K, reserved 1048576K
}
Event: 77.487 GC heap after
{Heap after GC invocations=221 (full 0):
 PSYoungGen      total 81920K, used 64K [0x00000000da800000, 0x00000000efb00000, 0x0000000100000000)
  eden space 81408K, 0% used [0x00000000da800000,0x00000000da800000,0x00000000df780000)
  from space 512K, 12% used [0x00000000efa00000,0x00000000efa10000,0x00000000efa80000)
  to   space 512K, 0% used [0x00000000efa80000,0x00000000efa80000,0x00000000efb00000)
 ParOldGen       total 171008K, used 57508K [0x000000008f800000, 0x0000000099f00000, 0x00000000da800000)
  object space 171008K, 33% used [0x000000008f800000,0x0000000093029338,0x0000000099f00000)
 Metaspace       used 11873K, capacity 12432K, committed 12800K, reserved 1060864K
  class space    used 961K, capacity 1183K, committed 1280K, reserved 1048576K
}
Event: 77.720 GC heap before
{Heap before GC invocations=222 (full 0):
 PSYoungGen      total 81920K, used 81472K [0x00000000da800000, 0x00000000efb00000, 0x0000000100000000)
  eden space 81408K, 100% used [0x00000000da800000,0x00000000df780000,0x00000000df780000)
  from space 512K, 12% used [0x00000000efa00000,0x00000000efa10000,0x00000000efa80000)
  to   space 512K, 0% used [0x00000000efa80000,0x00000000efa80000,0x00000000efb00000)
 ParOldGen       total 171008K, used 57508K [0x000000008f800000, 0x0000000099f00000, 0x00000000da800000)
  object space 171008K, 33% used [0x000000008f800000,0x0000000093029338,0x0000000099f00000)
 Metaspace       used 11873K, capacity 12432K, committed 12800K, reserved 1060864K
  class space    used 961K, capacity 1183K, committed 1280K, reserved 1048576K
}
Event: 77.721 GC heap after
{Heap after GC invocations=222 (full 0):
 PSYoungGen      total 79872K, used 32K [0x00000000da800000, 0x00000000efb00000, 0x0000000100000000)
  eden space 79360K, 0% used [0x00000000da800000,0x00000000da800000,0x00000000df580000)
  from space 512K, 6% used [0x00000000efa80000,0x00000000efa88000,0x00000000efb00000)
  to   space 512K, 0% used [0x00000000efa00000,0x00000000efa00000,0x00000000efa80000)
 ParOldGen       total 171008K, used 57508K [0x000000008f800000, 0x0000000099f00000, 0x00000000da800000)
  object space 171008K, 33% used [0x000000008f800000,0x0000000093029338,0x0000000099f00000)
 Metaspace       used 11873K, capacity 12432K, committed 12800K, reserved 1060864K
  class space    used 961K, capacity 1183K, committed 1280K, reserved 1048576K
}

